
i:\Projekty\LOG_test>rem temporary script for testing cmake 

i:\Projekty\LOG_test>rem option ALL cleans everything 

i:\Projekty\LOG_test>call tools\clean.bat  

i:\Projekty\LOG_test>rem Czyœci wszystkie wystapienia: 

i:\Projekty\LOG_test>rem 1. CMakeCache 

i:\Projekty\LOG_test>rem 2. cmake_install 

i:\Projekty\LOG_test>rem 3. CMakeFiles 

i:\Projekty\LOG_test>rem 4. Katalog bin 

i:\Projekty\LOG_test>rem Dodatkowo, jeœli parametr wejsciowy jest ALL to czyœci: 

i:\Projekty\LOG_test>rem 5. CMake_trash (ponowny download) 

i:\Projekty\LOG_test>rem 6. doc/html 

i:\Projekty\LOG_test>rem 7. Makefile 

i:\Projekty\LOG_test>rem 8. Zawartoœæ Third_Party (ponowna kompilacja) 

i:\Projekty\LOG_test>echo off 
-- Found Subversion: C:/Program Files (x86)/SlikSvn/bin/svn.exe (found version "1.7.8") 
-- Found Doxygen: f:/doxygen/bin/doxygen.exe (found version "1.8.3.1") 
-- MSVC detected - Adding compiler flags
-- The C compiler identification is MSVC 17.0.50727.1
-- The CXX compiler identification is MSVC 17.0.50727.1
-- Check for working C compiler: F:/Programy/Microsoft Visual Studio 11.0/VC/bin/amd64/cl.exe
-- Check for working C compiler: F:/Programy/Microsoft Visual Studio 11.0/VC/bin/amd64/cl.exe -- works
-- Detecting C compiler ABI info
-- Detecting C compiler ABI info - done
-- Check for working CXX compiler: F:/Programy/Microsoft Visual Studio 11.0/VC/bin/amd64/cl.exe
-- Check for working CXX compiler: F:/Programy/Microsoft Visual Studio 11.0/VC/bin/amd64/cl.exe -- works
-- Detecting CXX compiler ABI info
-- Detecting CXX compiler ABI info - done
-- Patching sources
SYSTEM_WGETRC = c:/progra~1/wget/etc/wgetrc
syswgetrc = c:/progra~1/wget/etc/wgetrc
--2013-06-09 15:31:02--  http://sourceforge.net/tracker/download.php?group_id=141831&atid=750759&file_id=456644&aid=3587889
Resolving sourceforge.net... 216.34.181.60
Connecting to sourceforge.net|216.34.181.60|:80... connected.
HTTP request sent, awaiting response... 200 OK
Length: 1061 (1,0K) [application/octet-stream]
Saving to: `PANTH.diff'

     0K .                                                     100% 72,9M=0s

2013-06-09 15:31:02 (72,9 MB/s) - `PANTH.diff' saved [1061/1061]

SYSTEM_WGETRC = c:/progra~1/wget/etc/wgetrc
syswgetrc = c:/progra~1/wget/etc/wgetrc
--2013-06-09 15:31:02--  http://sourceforge.net/tracker/download.php?group_id=141831&atid=750759&file_id=456645&aid=3587889
Resolving sourceforge.net... 216.34.181.60
Connecting to sourceforge.net|216.34.181.60|:80... connected.
HTTP request sent, awaiting response... 200 OK
Length: 183434 (179K) [application/zip]
Saving to: `PANT.zip'

     0K .......... .......... .......... .......... .......... 27%  372K 0s
    50K .......... .......... .......... .......... .......... 55%  377K 0s
   100K .......... .......... .......... .......... .......... 83% 9,98M 0s
   150K .......... .......... .........                       100%  224K=0,4s

2013-06-09 15:31:03 (446 KB/s) - `PANT.zip' saved [183434/183434]

CMake Error at Third_Party/CMakeLists.txt:50 (message):
  System version 1700


-- Configuring incomplete, errors occurred!
Generate graphviz: I:/Projekty/LOG_test/CMake_trash/ARCH.dot
Writing I:/Projekty/LOG_test/CMake_trash/ARCH.dot...

Microsoft (R) Program Maintenance Utility Version 11.00.50727.1
Copyright (C) Microsoft Corporation.  All rights reserved.

NMAKE : fatal error U1064: MAKEFILE not found and no target specified
Stop.
UpdateCTestConfiguration  from :I:/Projekty/LOG_test/bin/DartConfiguration.tcl
UpdateCTestConfiguration  from :I:/Projekty/LOG_test/bin/DartConfiguration.tcl
Test project I:/Projekty/LOG_test/bin
Constructing a list of tests
Checking test dependency graph...
Checking test dependency graph end
No tests were found!!!
